<?xml version="1.0" encoding="UTF-8"?>
<!-- Generated by org.testng.reporters.JUnitXMLReporter -->
<testsuite ignored="1" hostname="DESKTOP-3JG0K1M" failures="0" tests="3" name="Submit Order Test" time="81.853" errors="0" timestamp="2024-11-28T09:48:05 GMT">
  <testcase classname="ChrisAcademyTest.SubmitOrderTests" name="submitOrder" time="18.368"/>
  <testcase classname="ChrisAcademyTest.SubmitOrderTests" name="submitOrder" time="18.238"/>
  <testcase classname="ChrisAcademyTest.SubmitOrderTests" name="submitOrder" time="31.211"/>
  <testcase classname="ChrisAcademyTest.SubmitOrderTests" name="orderHistoryTest" time="0.0">
    <ignored/>
  </testcase> <!-- orderHistoryTest -->
</testsuite> <!-- Submit Order Test -->
