<?xml version="1.0" encoding="UTF-8"?>
<!-- Generated by org.testng.reporters.JUnitXMLReporter -->
<testsuite ignored="1" hostname="DESKTOP-3JG0K1M" failures="0" tests="3" name="Submit Order Test" time="95.51" errors="0" timestamp="2024-11-28T07:51:42 GMT">
  <testcase classname="ChrisAcademyTest.SubmitOrderTests" name="submitOrder" time="30.83"/>
  <testcase classname="ChrisAcademyTest.SubmitOrderTests" name="submitOrder" time="19.359"/>
  <testcase classname="ChrisAcademyTest.SubmitOrderTests" name="submitOrder" time="30.77"/>
  <testcase classname="ChrisAcademyTest.SubmitOrderTests" name="orderHistoryTest" time="0.0">
    <ignored/>
  </testcase> <!-- orderHistoryTest -->
</testsuite> <!-- Submit Order Test -->
