<?xml version="1.0" encoding="UTF-8"?>
<testng-results ignored="0" total="3" passed="3" failed="0" skipped="0">
  <reporter-output>
  </reporter-output>
  <suite started-at="2024-11-28T09:46:43 GMT" name="Suite" finished-at="2024-11-28T09:48:05 GMT" duration-ms="81955">
    <groups>
      <group name="PurchaseOrder">
        <method signature="SubmitOrderTests.submitOrder(java.util.HashMap)[pri:0, instance:ChrisAcademyTest.SubmitOrderTests@1a942c18]" name="submitOrder" class="ChrisAcademyTest.SubmitOrderTests"/>
      </group> <!-- PurchaseOrder -->
    </groups>
    <test started-at="2024-11-28T09:46:43 GMT" name="Submit Order Test" finished-at="2024-11-28T09:48:05 GMT" duration-ms="81853">
      <class name="ChrisAcademyTest.SubmitOrderTests">
        <test-method is-config="true" signature="launchApplication()[pri:0, instance:ChrisAcademyTest.SubmitOrderTests@1a942c18]" started-at="2024-11-28T09:46:43 GMT" name="launchApplication" finished-at="2024-11-28T09:46:48 GMT" duration-ms="4850" status="PASS">
          <reporter-output>
          </reporter-output>
        </test-method> <!-- launchApplication -->
        <test-method signature="submitOrder(java.util.HashMap)[pri:0, instance:ChrisAcademyTest.SubmitOrderTests@1a942c18]" started-at="2024-11-28T09:46:48 GMT" name="submitOrder" data-provider="getData" finished-at="2024-11-28T09:47:07 GMT" duration-ms="18368" status="PASS">
          <params>
            <param index="0">
              <value>
                <![CDATA[{password=Father70, targetProductName=ZARA COAT 3, email=christophodibo@yahoo.com}]]>
              </value>
            </param>
          </params>
          <reporter-output>
          </reporter-output>
        </test-method> <!-- submitOrder -->
        <test-method is-config="true" signature="tearDown()[pri:0, instance:ChrisAcademyTest.SubmitOrderTests@1a942c18]" started-at="2024-11-28T09:47:07 GMT" name="tearDown" finished-at="2024-11-28T09:47:07 GMT" duration-ms="282" status="PASS">
          <reporter-output>
          </reporter-output>
        </test-method> <!-- tearDown -->
        <test-method is-config="true" signature="launchApplication()[pri:0, instance:ChrisAcademyTest.SubmitOrderTests@1a942c18]" started-at="2024-11-28T09:47:07 GMT" name="launchApplication" finished-at="2024-11-28T09:47:11 GMT" duration-ms="4001" status="PASS">
          <reporter-output>
          </reporter-output>
        </test-method> <!-- launchApplication -->
        <test-method signature="submitOrder(java.util.HashMap)[pri:0, instance:ChrisAcademyTest.SubmitOrderTests@1a942c18]" started-at="2024-11-28T09:47:11 GMT" name="submitOrder" data-provider="getData" finished-at="2024-11-28T09:47:29 GMT" duration-ms="18238" status="PASS">
          <params>
            <param index="0">
              <value>
                <![CDATA[{password=Iamking@000, targetProductName=ADIDAS ORIGINAL, email=anshika@gmail.com}]]>
              </value>
            </param>
          </params>
          <reporter-output>
          </reporter-output>
        </test-method> <!-- submitOrder -->
        <test-method is-config="true" signature="tearDown()[pri:0, instance:ChrisAcademyTest.SubmitOrderTests@1a942c18]" started-at="2024-11-28T09:47:29 GMT" name="tearDown" finished-at="2024-11-28T09:47:29 GMT" duration-ms="316" status="PASS">
          <reporter-output>
          </reporter-output>
        </test-method> <!-- tearDown -->
        <test-method is-config="true" signature="launchApplication()[pri:0, instance:ChrisAcademyTest.SubmitOrderTests@1a942c18]" started-at="2024-11-28T09:47:29 GMT" name="launchApplication" finished-at="2024-11-28T09:47:34 GMT" duration-ms="4183" status="PASS">
          <reporter-output>
          </reporter-output>
        </test-method> <!-- launchApplication -->
        <test-method signature="submitOrder(java.util.HashMap)[pri:0, instance:ChrisAcademyTest.SubmitOrderTests@1a942c18]" started-at="2024-11-28T09:47:34 GMT" name="submitOrder" data-provider="getData" finished-at="2024-11-28T09:48:05 GMT" duration-ms="31211" status="PASS">
          <params>
            <param index="0">
              <value>
                <![CDATA[{password=Iamking@000, targetProductName=ADIDAS ORIGINAL, email=shetty@gmail.com}]]>
              </value>
            </param>
          </params>
          <reporter-output>
          </reporter-output>
        </test-method> <!-- submitOrder -->
        <test-method is-config="true" signature="tearDown()[pri:0, instance:ChrisAcademyTest.SubmitOrderTests@1a942c18]" started-at="2024-11-28T09:48:05 GMT" name="tearDown" finished-at="2024-11-28T09:48:05 GMT" duration-ms="330" status="PASS">
          <reporter-output>
          </reporter-output>
        </test-method> <!-- tearDown -->
      </class> <!-- ChrisAcademyTest.SubmitOrderTests -->
    </test> <!-- Submit Order Test -->
    <test started-at="2024-11-28T09:48:05 GMT" name="Error validation Test" finished-at="2024-11-28T09:48:05 GMT" duration-ms="1">
    </test> <!-- Error validation Test -->
  </suite> <!-- Suite -->
</testng-results>
